EDA Netlist Writer report for de0Board
Thu Mar  2 19:09:06 2023
Quartus Prime Version 22.1std.0 Build 915 10/25/2022 SC Standard Edition


---------------------
; Table of Contents ;
---------------------
  1. Legal Notice
  2. EDA Netlist Writer Summary
  3. Simulation Settings
  4. Simulation Generated Files
  5. EDA Netlist Writer Messages



----------------
; Legal Notice ;
----------------
Copyright (C) 2022  Intel Corporation. All rights reserved.
Your use of Intel Corporation's design tools, logic functions 
and other software and tools, and any partner logic 
functions, and any output files from any of the foregoing 
(including device programming or simulation files), and any 
associated documentation or information are expressly subject 
to the terms and conditions of the Intel Program License 
Subscription Agreement, the Intel Quartus Prime License Agreement,
the Intel FPGA IP License Agreement, or other applicable license
agreement, including, without limitation, that your use is for
the sole purpose of programming logic devices manufactured by
Intel and sold by Intel or its authorized distributors.  Please
refer to the applicable agreement for further details, at
https://fpgasoftware.intel.com/eula.



+-------------------------------------------------------------------+
; EDA Netlist Writer Summary                                        ;
+---------------------------+---------------------------------------+
; EDA Netlist Writer Status ; Successful - Thu Mar  2 19:09:06 2023 ;
; Revision Name             ; de0Board                              ;
; Top-level Entity Name     ; de0Board                              ;
; Family                    ; Cyclone IV E                          ;
; Simulation Files Creation ; Successful                            ;
+---------------------------+---------------------------------------+


+-----------------------------------------------------------------------------------------------------------------------+
; Simulation Settings                                                                                                   ;
+---------------------------------------------------------------------------------------------------+-------------------+
; Option                                                                                            ; Setting           ;
+---------------------------------------------------------------------------------------------------+-------------------+
; Tool Name                                                                                         ; Xcelium (Verilog) ;
; Generate functional simulation netlist                                                            ; Off               ;
; Time scale                                                                                        ; 1 ps              ;
; Truncate long hierarchy paths                                                                     ; Off               ;
; Map illegal HDL characters                                                                        ; Off               ;
; Flatten buses into individual nodes                                                               ; Off               ;
; Maintain hierarchy                                                                                ; Off               ;
; Bring out device-wide set/reset signals as ports                                                  ; Off               ;
; Enable glitch filtering                                                                           ; Off               ;
; Do not write top level VHDL entity                                                                ; Off               ;
; Disable detection of setup and hold time violations in the input registers of bi-directional pins ; Off               ;
; Architecture name in VHDL output netlist                                                          ; structure         ;
; Generate third-party EDA tool command script for RTL functional simulation                        ; Off               ;
; Generate third-party EDA tool command script for gate-level simulation                            ; Off               ;
+---------------------------------------------------------------------------------------------------+-------------------+


+-----------------------------------------------------------------------------------------+
; Simulation Generated Files                                                              ;
+-----------------------------------------------------------------------------------------+
; Generated Files                                                                         ;
+-----------------------------------------------------------------------------------------+
; /homeL/0junge/Mikrorechner/DemonCore/FPGA/sim/xcelium/de0Board_6_1200mv_85c_slow.vo     ;
; /homeL/0junge/Mikrorechner/DemonCore/FPGA/sim/xcelium/de0Board_min_1200mv_0c_fast.vo    ;
; /homeL/0junge/Mikrorechner/DemonCore/FPGA/sim/xcelium/de0Board.vo                       ;
; /homeL/0junge/Mikrorechner/DemonCore/FPGA/sim/xcelium/de0Board_6_1200mv_85c_v_slow.sdo  ;
; /homeL/0junge/Mikrorechner/DemonCore/FPGA/sim/xcelium/de0Board_min_1200mv_0c_v_fast.sdo ;
; /homeL/0junge/Mikrorechner/DemonCore/FPGA/sim/xcelium/de0Board_v.sdo                    ;
+-----------------------------------------------------------------------------------------+


+-----------------------------+
; EDA Netlist Writer Messages ;
+-----------------------------+
Info: *******************************************************************
Info: Running Quartus Prime EDA Netlist Writer
    Info: Version 22.1std.0 Build 915 10/25/2022 SC Standard Edition
    Info: Processing started: Thu Mar  2 19:09:04 2023
Info: Command: quartus_eda --read_settings_files=off --write_settings_files=off de0Board -c de0Board
Warning (18236): Number of processors has not been specified which may cause overloading on shared machines.  Set the global assignment NUM_PARALLEL_PROCESSORS in your QSF to an appropriate value for best performance.
Info (204019): Generated file de0Board_6_1200mv_85c_slow.vo in folder "/homeL/0junge/Mikrorechner/DemonCore/FPGA/sim/xcelium/" for EDA simulation tool
Info (204019): Generated file de0Board_min_1200mv_0c_fast.vo in folder "/homeL/0junge/Mikrorechner/DemonCore/FPGA/sim/xcelium/" for EDA simulation tool
Info (204019): Generated file de0Board.vo in folder "/homeL/0junge/Mikrorechner/DemonCore/FPGA/sim/xcelium/" for EDA simulation tool
Info (204019): Generated file de0Board_6_1200mv_85c_v_slow.sdo in folder "/homeL/0junge/Mikrorechner/DemonCore/FPGA/sim/xcelium/" for EDA simulation tool
Info (204019): Generated file de0Board_min_1200mv_0c_v_fast.sdo in folder "/homeL/0junge/Mikrorechner/DemonCore/FPGA/sim/xcelium/" for EDA simulation tool
Info (204019): Generated file de0Board_v.sdo in folder "/homeL/0junge/Mikrorechner/DemonCore/FPGA/sim/xcelium/" for EDA simulation tool
Info: Quartus Prime EDA Netlist Writer was successful. 0 errors, 1 warning
    Info: Peak virtual memory: 647 megabytes
    Info: Processing ended: Thu Mar  2 19:09:06 2023
    Info: Elapsed time: 00:00:02
    Info: Total CPU time (on all processors): 00:00:02


